<?xml version="1.0" encoding="UTF-8"?>
<!-- Generated by org.testng.reporters.JUnitXMLReporter -->
<testsuite ignored="0" hostname="DESKTOP-BKVHFCN" failures="0" tests="3" name="Default test" time="9.778" errors="0" timestamp="2022-12-23T07:33:04 IST">
  <testcase classname="testcases.CreatePortfolio" name="createPortFolio" time="7.859"/>
  <testcase classname="testcases.CreatePortfolio" name="createPortFolio" time="0.002">
    <skipped/>
  </testcase> <!-- createPortFolio -->
  <testcase classname="testcases.CreatePortfolio" name="createPortFolio" time="0.003">
    <skipped/>
  </testcase> <!-- createPortFolio -->
</testsuite> <!-- Default test -->
