<?xml version="1.0" encoding="UTF-8"?>
<!-- Generated by org.testng.reporters.JUnitXMLReporter -->
<testsuite ignored="0" hostname="DESKTOP-BKVHFCN" failures="1" tests="3" name="Buy Stock Test" time="0.081" errors="0" timestamp="2022-12-27T07:43:39 IST">
  <testcase classname="testcases.BuyStock" name="buyStock" time="0.01">
    <failure type="java.lang.NoSuchMethodError" message="&amp;apos;com.google.common.util.concurrent.SimpleTimeLimiter com.google.common.util.concurrent.SimpleTimeLimiter.create(java.util.concurrent.ExecutorService)&amp;apos;">
      <![CDATA[java.lang.NoSuchMethodError: 'com.google.common.util.concurrent.SimpleTimeLimiter com.google.common.util.concurrent.SimpleTimeLimiter.create(java.util.concurrent.ExecutorService)'
at org.openqa.selenium.net.UrlChecker.<init>(UrlChecker.java:62)
at org.openqa.selenium.remote.service.DriverService.waitUntilAvailable(DriverService.java:197)
at org.openqa.selenium.remote.service.DriverService.start(DriverService.java:188)
at org.openqa.selenium.remote.service.DriverCommandExecutor.execute(DriverCommandExecutor.java:79)
at org.openqa.selenium.remote.RemoteWebDriver.execute(RemoteWebDriver.java:552)
at org.openqa.selenium.remote.RemoteWebDriver.startSession(RemoteWebDriver.java:213)
at org.openqa.selenium.remote.RemoteWebDriver.<init>(RemoteWebDriver.java:131)
at org.openqa.selenium.chrome.ChromeDriver.<init>(ChromeDriver.java:181)
at org.openqa.selenium.chrome.ChromeDriver.<init>(ChromeDriver.java:168)
at org.openqa.selenium.chrome.ChromeDriver.<init>(ChromeDriver.java:123)
at keywords.GenericKeywords.openBrowser(GenericKeywords.java:41)
at testcases.BuyStock.buyStock(BuyStock.java:53)
at java.base/java.util.ArrayList.forEach(ArrayList.java:1511)
... Removed 27 stack frames]]>
    </failure>
  </testcase> <!-- buyStock -->
  <testcase classname="testcases.BuyStock" name="buyStock" time="0.002">
    <skipped/>
  </testcase> <!-- buyStock -->
  <testcase classname="testcases.BuyStock" name="buyStock" time="0.002">
    <skipped/>
  </testcase> <!-- buyStock -->
</testsuite> <!-- Buy Stock Test -->
