<?xml version="1.0" encoding="UTF-8"?>
<!-- Generated by org.testng.reporters.JUnitXMLReporter -->
<testsuite hostname="DESKTOP-BKVHFCN" ignored="0" name="Buy Stock Test" tests="3" failures="0" timestamp="2022-12-29T07:18:01 IST" time="14.965" errors="0">
  <testcase name="buyStock" time="14.113" classname="testcases.BuyStock"/>
  <testcase name="buyStock" time="0.0" classname="testcases.BuyStock">
    <skipped/>
  </testcase> <!-- buyStock -->
  <testcase name="buyStock" time="0.001" classname="testcases.BuyStock">
    <skipped/>
  </testcase> <!-- buyStock -->
</testsuite> <!-- Buy Stock Test -->
