<?xml version="1.0" encoding="UTF-8"?>
<!-- Generated by org.testng.reporters.JUnitXMLReporter -->
<testsuite hostname="DESKTOP-BKVHFCN" ignored="0" name="Create Portfolio Test" tests="3" failures="0" timestamp="2022-12-29T07:13:18 IST" time="11.165" errors="0">
  <testcase name="createPortFolio" time="9.284" classname="testcases.CreatePortfolio"/>
  <testcase name="createPortFolio" time="0.0" classname="testcases.CreatePortfolio">
    <skipped/>
  </testcase> <!-- createPortFolio -->
  <testcase name="createPortFolio" time="0.0" classname="testcases.CreatePortfolio">
    <skipped/>
  </testcase> <!-- createPortFolio -->
</testsuite> <!-- Create Portfolio Test -->
