<?xml version="1.0" encoding="UTF-8"?>
<testsuite xmlns:xsi="http://www.w3.org/2001/XMLSchema-instance" xsi:noNamespaceSchemaLocation="https://maven.apache.org/surefire/maven-surefire-plugin/xsd/surefire-test-report-3.0.xsd" version="3.0" name="TestSuite" time="295.775" tests="9" errors="0" skipped="6" failures="1">
  <properties>
[...]
</properties>
  <testcase name="createPortFolio" classname="testcases.CreatePortfolio" time="9.283"/>
  <testcase name="createPortFolio" classname="testcases.CreatePortfolio" time="0">
    <skipped message="skipping the test"/>
    <system-out><![CDATA[---after test---
---before test----
]]></system-out>
  </testcase>
  <testcase name="createPortFolio" classname="testcases.CreatePortfolio" time="0">
    <skipped message="skipping the test"/>
    <system-out><![CDATA[---after test---
---before test----
]]></system-out>
  </testcase>
  <testcase name="deletePortfolio" classname="testcases.DeletePortfolio" time="266.494">
    <failure message="The following asserts failed:&#10;	Element not found portfolio_selection_dropdown_id" type="java.lang.AssertionError"><![CDATA[java.lang.AssertionError: 
The following asserts failed:
	Element not found portfolio_selection_dropdown_id
	at testcases.DeletePortfolio.deletePortfolio(DeletePortfolio.java:45)
]]></failure>
    <system-out><![CDATA[---after test---
{"runmode":"Y","portfolio_name":"Nov2022"}
{"runmode":"N","portfolio_name":"Nov2023"}
{"runmode":"N","portfolio_name":"Nov2024"}
---before test----
]]></system-out>
    <system-err><![CDATA[Starting ChromeDriver 107.0.5304.62 (1eec40d3a5764881c92085aaee66d25075c159aa-refs/branch-heads/5304@{#942}) on port 12304
Only local connections are allowed.
Please see https://chromedriver.chromium.org/security-considerations for suggestions on keeping ChromeDriver safe.
ChromeDriver was started successfully.
[1672278199.249][WARNING]: This version of ChromeDriver has not been tested with Chrome version 108.
Dec 29, 2022 7:13:19 AM org.openqa.selenium.remote.ProtocolHandshake createSession
INFO: Detected dialect: W3C
]]></system-err>
  </testcase>
  <testcase name="deletePortfolio" classname="testcases.DeletePortfolio" time="0">
    <skipped message="skipping the test"/>
    <system-out><![CDATA[---after test---
---before test----
]]></system-out>
  </testcase>
  <testcase name="deletePortfolio" classname="testcases.DeletePortfolio" time="0">
    <skipped message="skipping the test"/>
    <system-out><![CDATA[---after test---
---before test----
]]></system-out>
  </testcase>
  <testcase name="buyStock" classname="testcases.BuyStock" time="14.114"/>
  <testcase name="buyStock" classname="testcases.BuyStock" time="0">
    <skipped message="skipping the test"/>
    <system-out><![CDATA[---after test---
---before test----
]]></system-out>
  </testcase>
  <testcase name="buyStock" classname="testcases.BuyStock" time="0">
    <skipped message="skipping the test"/>
    <system-out><![CDATA[---after test---
---before test----
]]></system-out>
  </testcase>
</testsuite>